2012-09-14 16:26:24 Notice: Notice (8): Undefined variable: r in [/var/www/university/app/View/Courses/view_pdf.ctp, line 6]
Trace:
include - APP/View/Courses/view_pdf.ctp, line 6
View::_evaluate() - CORE/Cake/View/View.php, line 920
View::_render() - CORE/Cake/View/View.php, line 883
View::render() - CORE/Cake/View/View.php, line 475
Controller::render() - CORE/Cake/Controller/Controller.php, line 957
CoursesController::viewPdf() - APP/Controller/CoursesController.php, line 29
ReflectionMethod::invokeArgs() - [internal], line ??
Controller::invokeAction() - CORE/Cake/Controller/Controller.php, line 485
Dispatcher::_invoke() - CORE/Cake/Routing/Dispatcher.php, line 186
Dispatcher::dispatch() - CORE/Cake/Routing/Dispatcher.php, line 161
[main] - APP/webroot/index.php, line 92

2012-09-14 16:26:24 Notice: Notice (8): Undefined variable: r in [/var/www/university/app/View/Courses/view_pdf.ctp, line 6]
Trace:
include - APP/View/Courses/view_pdf.ctp, line 6
View::_evaluate() - CORE/Cake/View/View.php, line 920
View::_render() - CORE/Cake/View/View.php, line 883
View::render() - CORE/Cake/View/View.php, line 475
Controller::render() - CORE/Cake/Controller/Controller.php, line 957
CoursesController::viewPdf() - APP/Controller/CoursesController.php, line 29
ReflectionMethod::invokeArgs() - [internal], line ??
Controller::invokeAction() - CORE/Cake/Controller/Controller.php, line 485
Dispatcher::_invoke() - CORE/Cake/Routing/Dispatcher.php, line 186
Dispatcher::dispatch() - CORE/Cake/Routing/Dispatcher.php, line 161
[main] - APP/webroot/index.php, line 92

2012-09-14 16:26:24 Notice: Notice (8): Undefined variable: r in [/var/www/university/app/View/Courses/view_pdf.ctp, line 6]
Trace:
include - APP/View/Courses/view_pdf.ctp, line 6
View::_evaluate() - CORE/Cake/View/View.php, line 920
View::_render() - CORE/Cake/View/View.php, line 883
View::render() - CORE/Cake/View/View.php, line 475
Controller::render() - CORE/Cake/Controller/Controller.php, line 957
CoursesController::viewPdf() - APP/Controller/CoursesController.php, line 29
ReflectionMethod::invokeArgs() - [internal], line ??
Controller::invokeAction() - CORE/Cake/Controller/Controller.php, line 485
Dispatcher::_invoke() - CORE/Cake/Routing/Dispatcher.php, line 186
Dispatcher::dispatch() - CORE/Cake/Routing/Dispatcher.php, line 161
[main] - APP/webroot/index.php, line 92

2012-09-14 16:26:24 Notice: Notice (8): Undefined variable: r in [/var/www/university/app/View/Courses/view_pdf.ctp, line 6]
Trace:
include - APP/View/Courses/view_pdf.ctp, line 6
View::_evaluate() - CORE/Cake/View/View.php, line 920
View::_render() - CORE/Cake/View/View.php, line 883
View::render() - CORE/Cake/View/View.php, line 475
Controller::render() - CORE/Cake/Controller/Controller.php, line 957
CoursesController::viewPdf() - APP/Controller/CoursesController.php, line 29
ReflectionMethod::invokeArgs() - [internal], line ??
Controller::invokeAction() - CORE/Cake/Controller/Controller.php, line 485
Dispatcher::_invoke() - CORE/Cake/Routing/Dispatcher.php, line 186
Dispatcher::dispatch() - CORE/Cake/Routing/Dispatcher.php, line 161
[main] - APP/webroot/index.php, line 92

2012-09-14 17:01:18 Notice: Notice (8): Undefined variable: property in [/var/www/university/app/View/Courses/view_pdf.ctp, line 2]
Trace:
include - APP/View/Courses/view_pdf.ctp, line 2
View::_evaluate() - CORE/Cake/View/View.php, line 920
View::_render() - CORE/Cake/View/View.php, line 883
View::render() - CORE/Cake/View/View.php, line 475
Controller::render() - CORE/Cake/Controller/Controller.php, line 957
CoursesController::viewPdf() - APP/Controller/CoursesController.php, line 25
ReflectionMethod::invokeArgs() - [internal], line ??
Controller::invokeAction() - CORE/Cake/Controller/Controller.php, line 485
Dispatcher::_invoke() - CORE/Cake/Routing/Dispatcher.php, line 186
Dispatcher::dispatch() - CORE/Cake/Routing/Dispatcher.php, line 161
[main] - APP/webroot/index.php, line 92

2012-09-14 17:03:08 Notice: Notice (8): Undefined variable: course in [/var/www/university/app/View/Courses/view_pdf.ctp, line 2]
Trace:
include - APP/View/Courses/view_pdf.ctp, line 2
View::_evaluate() - CORE/Cake/View/View.php, line 920
View::_render() - CORE/Cake/View/View.php, line 883
View::render() - CORE/Cake/View/View.php, line 475
Controller::render() - CORE/Cake/Controller/Controller.php, line 957
CoursesController::viewPdf() - APP/Controller/CoursesController.php, line 26
ReflectionMethod::invokeArgs() - [internal], line ??
Controller::invokeAction() - CORE/Cake/Controller/Controller.php, line 485
Dispatcher::_invoke() - CORE/Cake/Routing/Dispatcher.php, line 186
Dispatcher::dispatch() - CORE/Cake/Routing/Dispatcher.php, line 161
[main] - APP/webroot/index.php, line 92

2012-09-14 17:16:13 Notice: Notice (8): Undefined variable: pdf in [/var/www/university/app/View/Courses/view_pdf.ctp, line 47]
Trace:
include - APP/View/Courses/view_pdf.ctp, line 47
View::_evaluate() - CORE/Cake/View/View.php, line 920
View::_render() - CORE/Cake/View/View.php, line 883
View::render() - CORE/Cake/View/View.php, line 475
Controller::render() - CORE/Cake/Controller/Controller.php, line 957
CoursesController::viewPdf() - APP/Controller/CoursesController.php, line 26
ReflectionMethod::invokeArgs() - [internal], line ??
Controller::invokeAction() - CORE/Cake/Controller/Controller.php, line 485
Dispatcher::_invoke() - CORE/Cake/Routing/Dispatcher.php, line 186
Dispatcher::dispatch() - CORE/Cake/Routing/Dispatcher.php, line 161
[main] - APP/webroot/index.php, line 92

2012-09-18 17:52:11 Notice: Notice (8): Undefined variable: result in [/var/www/university/app/View/Courses/view.ctp, line 4]
Trace:
include - APP/View/Courses/view.ctp, line 4
View::_evaluate() - CORE/Cake/View/View.php, line 920
View::_render() - CORE/Cake/View/View.php, line 883
View::render() - CORE/Cake/View/View.php, line 475
Controller::render() - CORE/Cake/Controller/Controller.php, line 957
Dispatcher::_invoke() - CORE/Cake/Routing/Dispatcher.php, line 193
Dispatcher::dispatch() - CORE/Cake/Routing/Dispatcher.php, line 161
[main] - APP/webroot/index.php, line 92

2012-09-18 17:59:53 Notice: Notice (8): Undefined variable: result in [/var/www/university/app/View/Courses/view.ctp, line 4]
Trace:
include - APP/View/Courses/view.ctp, line 4
View::_evaluate() - CORE/Cake/View/View.php, line 920
View::_render() - CORE/Cake/View/View.php, line 883
View::render() - CORE/Cake/View/View.php, line 475
Controller::render() - CORE/Cake/Controller/Controller.php, line 957
Dispatcher::_invoke() - CORE/Cake/Routing/Dispatcher.php, line 193
Dispatcher::dispatch() - CORE/Cake/Routing/Dispatcher.php, line 161
[main] - APP/webroot/index.php, line 92

2012-09-19 12:55:02 Notice: Notice (8): Undefined index: name in [/var/www/university/app/View/Students/view_pdf.ctp, line 59]
Trace:
include - APP/View/Students/view_pdf.ctp, line 59
View::_evaluate() - CORE/Cake/View/View.php, line 920
View::_render() - CORE/Cake/View/View.php, line 883
View::render() - CORE/Cake/View/View.php, line 475
Controller::render() - CORE/Cake/Controller/Controller.php, line 957
StudentsController::viewPdf() - APP/Controller/StudentsController.php, line 39
ReflectionMethod::invokeArgs() - [internal], line ??
Controller::invokeAction() - CORE/Cake/Controller/Controller.php, line 485
Dispatcher::_invoke() - CORE/Cake/Routing/Dispatcher.php, line 186
Dispatcher::dispatch() - CORE/Cake/Routing/Dispatcher.php, line 161
[main] - APP/webroot/index.php, line 92

2012-09-19 13:01:13 Notice: Notice (8): Undefined index: name in [/var/www/university/app/View/Students/view_pdf.ctp, line 66]
Trace:
include - APP/View/Students/view_pdf.ctp, line 66
View::_evaluate() - CORE/Cake/View/View.php, line 920
View::_render() - CORE/Cake/View/View.php, line 883
View::render() - CORE/Cake/View/View.php, line 475
Controller::render() - CORE/Cake/Controller/Controller.php, line 957
StudentsController::viewPdf() - APP/Controller/StudentsController.php, line 39
ReflectionMethod::invokeArgs() - [internal], line ??
Controller::invokeAction() - CORE/Cake/Controller/Controller.php, line 485
Dispatcher::_invoke() - CORE/Cake/Routing/Dispatcher.php, line 186
Dispatcher::dispatch() - CORE/Cake/Routing/Dispatcher.php, line 161
[main] - APP/webroot/index.php, line 92

2012-09-19 13:09:27 Notice: Notice (8): Undefined index: name in [/var/www/university/app/View/Students/view_pdf.ctp, line 67]
Trace:
include - APP/View/Students/view_pdf.ctp, line 67
View::_evaluate() - CORE/Cake/View/View.php, line 920
View::_render() - CORE/Cake/View/View.php, line 883
View::render() - CORE/Cake/View/View.php, line 475
Controller::render() - CORE/Cake/Controller/Controller.php, line 957
StudentsController::viewPdf() - APP/Controller/StudentsController.php, line 39
ReflectionMethod::invokeArgs() - [internal], line ??
Controller::invokeAction() - CORE/Cake/Controller/Controller.php, line 485
Dispatcher::_invoke() - CORE/Cake/Routing/Dispatcher.php, line 186
Dispatcher::dispatch() - CORE/Cake/Routing/Dispatcher.php, line 161
[main] - APP/webroot/index.php, line 92

2012-09-19 13:11:01 Notice: Notice (8): Undefined index: name in [/var/www/university/app/View/Students/view_pdf.ctp, line 67]
Trace:
include - APP/View/Students/view_pdf.ctp, line 67
View::_evaluate() - CORE/Cake/View/View.php, line 920
View::_render() - CORE/Cake/View/View.php, line 883
View::render() - CORE/Cake/View/View.php, line 475
Controller::render() - CORE/Cake/Controller/Controller.php, line 957
StudentsController::viewPdf() - APP/Controller/StudentsController.php, line 39
ReflectionMethod::invokeArgs() - [internal], line ??
Controller::invokeAction() - CORE/Cake/Controller/Controller.php, line 485
Dispatcher::_invoke() - CORE/Cake/Routing/Dispatcher.php, line 186
Dispatcher::dispatch() - CORE/Cake/Routing/Dispatcher.php, line 161
[main] - APP/webroot/index.php, line 92

2012-09-19 13:11:37 Notice: Notice (8): Undefined index: name in [/var/www/university/app/View/Students/view_pdf.ctp, line 67]
Trace:
include - APP/View/Students/view_pdf.ctp, line 67
View::_evaluate() - CORE/Cake/View/View.php, line 920
View::_render() - CORE/Cake/View/View.php, line 883
View::render() - CORE/Cake/View/View.php, line 475
Controller::render() - CORE/Cake/Controller/Controller.php, line 957
StudentsController::viewPdf() - APP/Controller/StudentsController.php, line 39
ReflectionMethod::invokeArgs() - [internal], line ??
Controller::invokeAction() - CORE/Cake/Controller/Controller.php, line 485
Dispatcher::_invoke() - CORE/Cake/Routing/Dispatcher.php, line 186
Dispatcher::dispatch() - CORE/Cake/Routing/Dispatcher.php, line 161
[main] - APP/webroot/index.php, line 92

2012-09-19 13:12:30 Notice: Notice (8): Undefined index: name in [/var/www/university/app/View/Students/view_pdf.ctp, line 67]
Trace:
include - APP/View/Students/view_pdf.ctp, line 67
View::_evaluate() - CORE/Cake/View/View.php, line 920
View::_render() - CORE/Cake/View/View.php, line 883
View::render() - CORE/Cake/View/View.php, line 475
Controller::render() - CORE/Cake/Controller/Controller.php, line 957
StudentsController::viewPdf() - APP/Controller/StudentsController.php, line 39
ReflectionMethod::invokeArgs() - [internal], line ??
Controller::invokeAction() - CORE/Cake/Controller/Controller.php, line 485
Dispatcher::_invoke() - CORE/Cake/Routing/Dispatcher.php, line 186
Dispatcher::dispatch() - CORE/Cake/Routing/Dispatcher.php, line 161
[main] - APP/webroot/index.php, line 92

2012-09-19 13:13:24 Notice: Notice (8): Undefined index: name in [/var/www/university/app/View/Students/view_pdf.ctp, line 63]
Trace:
include - APP/View/Students/view_pdf.ctp, line 63
View::_evaluate() - CORE/Cake/View/View.php, line 920
View::_render() - CORE/Cake/View/View.php, line 883
View::render() - CORE/Cake/View/View.php, line 475
Controller::render() - CORE/Cake/Controller/Controller.php, line 957
StudentsController::viewPdf() - APP/Controller/StudentsController.php, line 39
ReflectionMethod::invokeArgs() - [internal], line ??
Controller::invokeAction() - CORE/Cake/Controller/Controller.php, line 485
Dispatcher::_invoke() - CORE/Cake/Routing/Dispatcher.php, line 186
Dispatcher::dispatch() - CORE/Cake/Routing/Dispatcher.php, line 161
[main] - APP/webroot/index.php, line 92

2012-09-19 13:14:01 Notice: Notice (8): Undefined index: name in [/var/www/university/app/View/Students/view_pdf.ctp, line 63]
Trace:
include - APP/View/Students/view_pdf.ctp, line 63
View::_evaluate() - CORE/Cake/View/View.php, line 920
View::_render() - CORE/Cake/View/View.php, line 883
View::render() - CORE/Cake/View/View.php, line 475
Controller::render() - CORE/Cake/Controller/Controller.php, line 957
StudentsController::viewPdf() - APP/Controller/StudentsController.php, line 39
ReflectionMethod::invokeArgs() - [internal], line ??
Controller::invokeAction() - CORE/Cake/Controller/Controller.php, line 485
Dispatcher::_invoke() - CORE/Cake/Routing/Dispatcher.php, line 186
Dispatcher::dispatch() - CORE/Cake/Routing/Dispatcher.php, line 161
[main] - APP/webroot/index.php, line 92

2012-09-19 13:14:23 Notice: Notice (8): Undefined index: name in [/var/www/university/app/View/Students/view_pdf.ctp, line 64]
Trace:
include - APP/View/Students/view_pdf.ctp, line 64
View::_evaluate() - CORE/Cake/View/View.php, line 920
View::_render() - CORE/Cake/View/View.php, line 883
View::render() - CORE/Cake/View/View.php, line 475
Controller::render() - CORE/Cake/Controller/Controller.php, line 957
StudentsController::viewPdf() - APP/Controller/StudentsController.php, line 39
ReflectionMethod::invokeArgs() - [internal], line ??
Controller::invokeAction() - CORE/Cake/Controller/Controller.php, line 485
Dispatcher::_invoke() - CORE/Cake/Routing/Dispatcher.php, line 186
Dispatcher::dispatch() - CORE/Cake/Routing/Dispatcher.php, line 161
[main] - APP/webroot/index.php, line 92

2012-09-19 13:14:39 Notice: Notice (8): Undefined index: name in [/var/www/university/app/View/Students/view_pdf.ctp, line 65]
Trace:
include - APP/View/Students/view_pdf.ctp, line 65
View::_evaluate() - CORE/Cake/View/View.php, line 920
View::_render() - CORE/Cake/View/View.php, line 883
View::render() - CORE/Cake/View/View.php, line 475
Controller::render() - CORE/Cake/Controller/Controller.php, line 957
StudentsController::viewPdf() - APP/Controller/StudentsController.php, line 39
ReflectionMethod::invokeArgs() - [internal], line ??
Controller::invokeAction() - CORE/Cake/Controller/Controller.php, line 485
Dispatcher::_invoke() - CORE/Cake/Routing/Dispatcher.php, line 186
Dispatcher::dispatch() - CORE/Cake/Routing/Dispatcher.php, line 161
[main] - APP/webroot/index.php, line 92

2012-09-19 13:14:55 Notice: Notice (8): Undefined index: name in [/var/www/university/app/View/Students/view_pdf.ctp, line 65]
Trace:
include - APP/View/Students/view_pdf.ctp, line 65
View::_evaluate() - CORE/Cake/View/View.php, line 920
View::_render() - CORE/Cake/View/View.php, line 883
View::render() - CORE/Cake/View/View.php, line 475
Controller::render() - CORE/Cake/Controller/Controller.php, line 957
StudentsController::viewPdf() - APP/Controller/StudentsController.php, line 39
ReflectionMethod::invokeArgs() - [internal], line ??
Controller::invokeAction() - CORE/Cake/Controller/Controller.php, line 485
Dispatcher::_invoke() - CORE/Cake/Routing/Dispatcher.php, line 186
Dispatcher::dispatch() - CORE/Cake/Routing/Dispatcher.php, line 161
[main] - APP/webroot/index.php, line 92

2012-09-19 13:17:02 Notice: Notice (8): Undefined index: name in [/var/www/university/app/View/Students/view_pdf.ctp, line 65]
Trace:
include - APP/View/Students/view_pdf.ctp, line 65
View::_evaluate() - CORE/Cake/View/View.php, line 920
View::_render() - CORE/Cake/View/View.php, line 883
View::render() - CORE/Cake/View/View.php, line 475
Controller::render() - CORE/Cake/Controller/Controller.php, line 957
StudentsController::viewPdf() - APP/Controller/StudentsController.php, line 39
ReflectionMethod::invokeArgs() - [internal], line ??
Controller::invokeAction() - CORE/Cake/Controller/Controller.php, line 485
Dispatcher::_invoke() - CORE/Cake/Routing/Dispatcher.php, line 186
Dispatcher::dispatch() - CORE/Cake/Routing/Dispatcher.php, line 161
[main] - APP/webroot/index.php, line 92

2012-09-19 13:17:10 Notice: Notice (8): Undefined index: name in [/var/www/university/app/View/Students/view_pdf.ctp, line 65]
Trace:
include - APP/View/Students/view_pdf.ctp, line 65
View::_evaluate() - CORE/Cake/View/View.php, line 920
View::_render() - CORE/Cake/View/View.php, line 883
View::render() - CORE/Cake/View/View.php, line 475
Controller::render() - CORE/Cake/Controller/Controller.php, line 957
StudentsController::viewPdf() - APP/Controller/StudentsController.php, line 39
ReflectionMethod::invokeArgs() - [internal], line ??
Controller::invokeAction() - CORE/Cake/Controller/Controller.php, line 485
Dispatcher::_invoke() - CORE/Cake/Routing/Dispatcher.php, line 186
Dispatcher::dispatch() - CORE/Cake/Routing/Dispatcher.php, line 161
[main] - APP/webroot/index.php, line 92

2012-09-19 13:17:18 Notice: Notice (8): Undefined index: name in [/var/www/university/app/View/Students/view_pdf.ctp, line 65]
Trace:
include - APP/View/Students/view_pdf.ctp, line 65
View::_evaluate() - CORE/Cake/View/View.php, line 920
View::_render() - CORE/Cake/View/View.php, line 883
View::render() - CORE/Cake/View/View.php, line 475
Controller::render() - CORE/Cake/Controller/Controller.php, line 957
StudentsController::viewPdf() - APP/Controller/StudentsController.php, line 39
ReflectionMethod::invokeArgs() - [internal], line ??
Controller::invokeAction() - CORE/Cake/Controller/Controller.php, line 485
Dispatcher::_invoke() - CORE/Cake/Routing/Dispatcher.php, line 186
Dispatcher::dispatch() - CORE/Cake/Routing/Dispatcher.php, line 161
[main] - APP/webroot/index.php, line 92

2012-09-19 13:17:25 Notice: Notice (8): Undefined index: name in [/var/www/university/app/View/Students/view_pdf.ctp, line 65]
Trace:
include - APP/View/Students/view_pdf.ctp, line 65
View::_evaluate() - CORE/Cake/View/View.php, line 920
View::_render() - CORE/Cake/View/View.php, line 883
View::render() - CORE/Cake/View/View.php, line 475
Controller::render() - CORE/Cake/Controller/Controller.php, line 957
StudentsController::viewPdf() - APP/Controller/StudentsController.php, line 39
ReflectionMethod::invokeArgs() - [internal], line ??
Controller::invokeAction() - CORE/Cake/Controller/Controller.php, line 485
Dispatcher::_invoke() - CORE/Cake/Routing/Dispatcher.php, line 186
Dispatcher::dispatch() - CORE/Cake/Routing/Dispatcher.php, line 161
[main] - APP/webroot/index.php, line 92

2012-09-19 13:17:29 Notice: Notice (8): Undefined index: name in [/var/www/university/app/View/Students/view_pdf.ctp, line 65]
Trace:
include - APP/View/Students/view_pdf.ctp, line 65
View::_evaluate() - CORE/Cake/View/View.php, line 920
View::_render() - CORE/Cake/View/View.php, line 883
View::render() - CORE/Cake/View/View.php, line 475
Controller::render() - CORE/Cake/Controller/Controller.php, line 957
StudentsController::viewPdf() - APP/Controller/StudentsController.php, line 39
ReflectionMethod::invokeArgs() - [internal], line ??
Controller::invokeAction() - CORE/Cake/Controller/Controller.php, line 485
Dispatcher::_invoke() - CORE/Cake/Routing/Dispatcher.php, line 186
Dispatcher::dispatch() - CORE/Cake/Routing/Dispatcher.php, line 161
[main] - APP/webroot/index.php, line 92

2012-09-19 13:17:34 Notice: Notice (8): Undefined index: name in [/var/www/university/app/View/Students/view_pdf.ctp, line 65]
Trace:
include - APP/View/Students/view_pdf.ctp, line 65
View::_evaluate() - CORE/Cake/View/View.php, line 920
View::_render() - CORE/Cake/View/View.php, line 883
View::render() - CORE/Cake/View/View.php, line 475
Controller::render() - CORE/Cake/Controller/Controller.php, line 957
StudentsController::viewPdf() - APP/Controller/StudentsController.php, line 39
ReflectionMethod::invokeArgs() - [internal], line ??
Controller::invokeAction() - CORE/Cake/Controller/Controller.php, line 485
Dispatcher::_invoke() - CORE/Cake/Routing/Dispatcher.php, line 186
Dispatcher::dispatch() - CORE/Cake/Routing/Dispatcher.php, line 161
[main] - APP/webroot/index.php, line 92

2012-09-19 13:17:38 Notice: Notice (8): Undefined index: name in [/var/www/university/app/View/Students/view_pdf.ctp, line 65]
Trace:
include - APP/View/Students/view_pdf.ctp, line 65
View::_evaluate() - CORE/Cake/View/View.php, line 920
View::_render() - CORE/Cake/View/View.php, line 883
View::render() - CORE/Cake/View/View.php, line 475
Controller::render() - CORE/Cake/Controller/Controller.php, line 957
StudentsController::viewPdf() - APP/Controller/StudentsController.php, line 39
ReflectionMethod::invokeArgs() - [internal], line ??
Controller::invokeAction() - CORE/Cake/Controller/Controller.php, line 485
Dispatcher::_invoke() - CORE/Cake/Routing/Dispatcher.php, line 186
Dispatcher::dispatch() - CORE/Cake/Routing/Dispatcher.php, line 161
[main] - APP/webroot/index.php, line 92

2012-09-19 13:17:44 Notice: Notice (8): Undefined index: name in [/var/www/university/app/View/Students/view_pdf.ctp, line 65]
Trace:
include - APP/View/Students/view_pdf.ctp, line 65
View::_evaluate() - CORE/Cake/View/View.php, line 920
View::_render() - CORE/Cake/View/View.php, line 883
View::render() - CORE/Cake/View/View.php, line 475
Controller::render() - CORE/Cake/Controller/Controller.php, line 957
StudentsController::viewPdf() - APP/Controller/StudentsController.php, line 39
ReflectionMethod::invokeArgs() - [internal], line ??
Controller::invokeAction() - CORE/Cake/Controller/Controller.php, line 485
Dispatcher::_invoke() - CORE/Cake/Routing/Dispatcher.php, line 186
Dispatcher::dispatch() - CORE/Cake/Routing/Dispatcher.php, line 161
[main] - APP/webroot/index.php, line 92

2012-09-19 13:18:16 Notice: Notice (8): Undefined index: name in [/var/www/university/app/View/Students/view_pdf.ctp, line 65]
Trace:
include - APP/View/Students/view_pdf.ctp, line 65
View::_evaluate() - CORE/Cake/View/View.php, line 920
View::_render() - CORE/Cake/View/View.php, line 883
View::render() - CORE/Cake/View/View.php, line 475
Controller::render() - CORE/Cake/Controller/Controller.php, line 957
StudentsController::viewPdf() - APP/Controller/StudentsController.php, line 39
ReflectionMethod::invokeArgs() - [internal], line ??
Controller::invokeAction() - CORE/Cake/Controller/Controller.php, line 485
Dispatcher::_invoke() - CORE/Cake/Routing/Dispatcher.php, line 186
Dispatcher::dispatch() - CORE/Cake/Routing/Dispatcher.php, line 161
[main] - APP/webroot/index.php, line 92

2012-09-19 15:50:21 Notice: Notice (8): Undefined index: Student in [/var/www/university/app/View/Teachers/view_pdf.ctp, line 4]
Trace:
include - APP/View/Teachers/view_pdf.ctp, line 4
View::_evaluate() - CORE/Cake/View/View.php, line 920
View::_render() - CORE/Cake/View/View.php, line 883
View::render() - CORE/Cake/View/View.php, line 475
Controller::render() - CORE/Cake/Controller/Controller.php, line 957
TeachersController::viewPdf() - APP/Controller/TeachersController.php, line 38
ReflectionMethod::invokeArgs() - [internal], line ??
Controller::invokeAction() - CORE/Cake/Controller/Controller.php, line 485
Dispatcher::_invoke() - CORE/Cake/Routing/Dispatcher.php, line 186
Dispatcher::dispatch() - CORE/Cake/Routing/Dispatcher.php, line 161
[main] - APP/webroot/index.php, line 92

2012-09-19 15:50:21 Notice: Notice (8): Undefined index: Student in [/var/www/university/app/View/Teachers/view_pdf.ctp, line 5]
Trace:
include - APP/View/Teachers/view_pdf.ctp, line 5
View::_evaluate() - CORE/Cake/View/View.php, line 920
View::_render() - CORE/Cake/View/View.php, line 883
View::render() - CORE/Cake/View/View.php, line 475
Controller::render() - CORE/Cake/Controller/Controller.php, line 957
TeachersController::viewPdf() - APP/Controller/TeachersController.php, line 38
ReflectionMethod::invokeArgs() - [internal], line ??
Controller::invokeAction() - CORE/Cake/Controller/Controller.php, line 485
Dispatcher::_invoke() - CORE/Cake/Routing/Dispatcher.php, line 186
Dispatcher::dispatch() - CORE/Cake/Routing/Dispatcher.php, line 161
[main] - APP/webroot/index.php, line 92

2012-09-19 15:50:21 Notice: Notice (8): Undefined index: Student in [/var/www/university/app/View/Teachers/view_pdf.ctp, line 50]
Trace:
include - APP/View/Teachers/view_pdf.ctp, line 50
View::_evaluate() - CORE/Cake/View/View.php, line 920
View::_render() - CORE/Cake/View/View.php, line 883
View::render() - CORE/Cake/View/View.php, line 475
Controller::render() - CORE/Cake/Controller/Controller.php, line 957
TeachersController::viewPdf() - APP/Controller/TeachersController.php, line 38
ReflectionMethod::invokeArgs() - [internal], line ??
Controller::invokeAction() - CORE/Cake/Controller/Controller.php, line 485
Dispatcher::_invoke() - CORE/Cake/Routing/Dispatcher.php, line 186
Dispatcher::dispatch() - CORE/Cake/Routing/Dispatcher.php, line 161
[main] - APP/webroot/index.php, line 92

2012-09-19 15:50:21 Notice: Notice (8): Undefined index: name in [/var/www/university/app/View/Teachers/view_pdf.ctp, line 65]
Trace:
include - APP/View/Teachers/view_pdf.ctp, line 65
View::_evaluate() - CORE/Cake/View/View.php, line 920
View::_render() - CORE/Cake/View/View.php, line 883
View::render() - CORE/Cake/View/View.php, line 475
Controller::render() - CORE/Cake/Controller/Controller.php, line 957
TeachersController::viewPdf() - APP/Controller/TeachersController.php, line 38
ReflectionMethod::invokeArgs() - [internal], line ??
Controller::invokeAction() - CORE/Cake/Controller/Controller.php, line 485
Dispatcher::_invoke() - CORE/Cake/Routing/Dispatcher.php, line 186
Dispatcher::dispatch() - CORE/Cake/Routing/Dispatcher.php, line 161
[main] - APP/webroot/index.php, line 92

2012-09-19 15:51:14 Notice: Notice (8): Undefined index: Student in [/var/www/university/app/View/Teachers/view_pdf.ctp, line 50]
Trace:
include - APP/View/Teachers/view_pdf.ctp, line 50
View::_evaluate() - CORE/Cake/View/View.php, line 920
View::_render() - CORE/Cake/View/View.php, line 883
View::render() - CORE/Cake/View/View.php, line 475
Controller::render() - CORE/Cake/Controller/Controller.php, line 957
TeachersController::viewPdf() - APP/Controller/TeachersController.php, line 38
ReflectionMethod::invokeArgs() - [internal], line ??
Controller::invokeAction() - CORE/Cake/Controller/Controller.php, line 485
Dispatcher::_invoke() - CORE/Cake/Routing/Dispatcher.php, line 186
Dispatcher::dispatch() - CORE/Cake/Routing/Dispatcher.php, line 161
[main] - APP/webroot/index.php, line 92

2012-09-19 15:51:14 Notice: Notice (8): Undefined index: name in [/var/www/university/app/View/Teachers/view_pdf.ctp, line 65]
Trace:
include - APP/View/Teachers/view_pdf.ctp, line 65
View::_evaluate() - CORE/Cake/View/View.php, line 920
View::_render() - CORE/Cake/View/View.php, line 883
View::render() - CORE/Cake/View/View.php, line 475
Controller::render() - CORE/Cake/Controller/Controller.php, line 957
TeachersController::viewPdf() - APP/Controller/TeachersController.php, line 38
ReflectionMethod::invokeArgs() - [internal], line ??
Controller::invokeAction() - CORE/Cake/Controller/Controller.php, line 485
Dispatcher::_invoke() - CORE/Cake/Routing/Dispatcher.php, line 186
Dispatcher::dispatch() - CORE/Cake/Routing/Dispatcher.php, line 161
[main] - APP/webroot/index.php, line 92

2012-09-19 15:52:13 Notice: Notice (8): Undefined index: Student in [/var/www/university/app/View/Teachers/view_pdf.ctp, line 49]
Trace:
include - APP/View/Teachers/view_pdf.ctp, line 49
View::_evaluate() - CORE/Cake/View/View.php, line 920
View::_render() - CORE/Cake/View/View.php, line 883
View::render() - CORE/Cake/View/View.php, line 475
Controller::render() - CORE/Cake/Controller/Controller.php, line 957
TeachersController::viewPdf() - APP/Controller/TeachersController.php, line 38
ReflectionMethod::invokeArgs() - [internal], line ??
Controller::invokeAction() - CORE/Cake/Controller/Controller.php, line 485
Dispatcher::_invoke() - CORE/Cake/Routing/Dispatcher.php, line 186
Dispatcher::dispatch() - CORE/Cake/Routing/Dispatcher.php, line 161
[main] - APP/webroot/index.php, line 92

2012-09-19 15:52:14 Notice: Notice (8): Undefined index: name in [/var/www/university/app/View/Teachers/view_pdf.ctp, line 64]
Trace:
include - APP/View/Teachers/view_pdf.ctp, line 64
View::_evaluate() - CORE/Cake/View/View.php, line 920
View::_render() - CORE/Cake/View/View.php, line 883
View::render() - CORE/Cake/View/View.php, line 475
Controller::render() - CORE/Cake/Controller/Controller.php, line 957
TeachersController::viewPdf() - APP/Controller/TeachersController.php, line 38
ReflectionMethod::invokeArgs() - [internal], line ??
Controller::invokeAction() - CORE/Cake/Controller/Controller.php, line 485
Dispatcher::_invoke() - CORE/Cake/Routing/Dispatcher.php, line 186
Dispatcher::dispatch() - CORE/Cake/Routing/Dispatcher.php, line 161
[main] - APP/webroot/index.php, line 92

2012-09-19 15:52:39 Notice: Notice (8): Undefined variable: result in [/var/www/university/app/View/Courses/view.ctp, line 4]
Trace:
include - APP/View/Courses/view.ctp, line 4
View::_evaluate() - CORE/Cake/View/View.php, line 920
View::_render() - CORE/Cake/View/View.php, line 883
View::render() - CORE/Cake/View/View.php, line 475
Controller::render() - CORE/Cake/Controller/Controller.php, line 957
Dispatcher::_invoke() - CORE/Cake/Routing/Dispatcher.php, line 193
Dispatcher::dispatch() - CORE/Cake/Routing/Dispatcher.php, line 161
[main] - APP/webroot/index.php, line 92

2012-09-19 15:52:53 Notice: Notice (8): Undefined variable: result in [/var/www/university/app/View/Courses/view.ctp, line 4]
Trace:
include - APP/View/Courses/view.ctp, line 4
View::_evaluate() - CORE/Cake/View/View.php, line 920
View::_render() - CORE/Cake/View/View.php, line 883
View::render() - CORE/Cake/View/View.php, line 475
Controller::render() - CORE/Cake/Controller/Controller.php, line 957
Dispatcher::_invoke() - CORE/Cake/Routing/Dispatcher.php, line 193
Dispatcher::dispatch() - CORE/Cake/Routing/Dispatcher.php, line 161
[main] - APP/webroot/index.php, line 92

2012-09-19 15:52:56 Notice: Notice (8): Undefined variable: result in [/var/www/university/app/View/Courses/view.ctp, line 4]
Trace:
include - APP/View/Courses/view.ctp, line 4
View::_evaluate() - CORE/Cake/View/View.php, line 920
View::_render() - CORE/Cake/View/View.php, line 883
View::render() - CORE/Cake/View/View.php, line 475
Controller::render() - CORE/Cake/Controller/Controller.php, line 957
Dispatcher::_invoke() - CORE/Cake/Routing/Dispatcher.php, line 193
Dispatcher::dispatch() - CORE/Cake/Routing/Dispatcher.php, line 161
[main] - APP/webroot/index.php, line 92

2012-09-19 15:53:04 Notice: Notice (8): Undefined variable: result in [/var/www/university/app/View/Courses/view.ctp, line 4]
Trace:
include - APP/View/Courses/view.ctp, line 4
View::_evaluate() - CORE/Cake/View/View.php, line 920
View::_render() - CORE/Cake/View/View.php, line 883
View::render() - CORE/Cake/View/View.php, line 475
Controller::render() - CORE/Cake/Controller/Controller.php, line 957
Dispatcher::_invoke() - CORE/Cake/Routing/Dispatcher.php, line 193
Dispatcher::dispatch() - CORE/Cake/Routing/Dispatcher.php, line 161
[main] - APP/webroot/index.php, line 92

2012-09-19 15:53:17 Notice: Notice (8): Undefined variable: result in [/var/www/university/app/View/Courses/view.ctp, line 4]
Trace:
include - APP/View/Courses/view.ctp, line 4
View::_evaluate() - CORE/Cake/View/View.php, line 920
View::_render() - CORE/Cake/View/View.php, line 883
View::render() - CORE/Cake/View/View.php, line 475
Controller::render() - CORE/Cake/Controller/Controller.php, line 957
Dispatcher::_invoke() - CORE/Cake/Routing/Dispatcher.php, line 193
Dispatcher::dispatch() - CORE/Cake/Routing/Dispatcher.php, line 161
[main] - APP/webroot/index.php, line 92

2012-09-19 15:54:18 Notice: Notice (8): Undefined variable: teacher in [/var/www/university/app/View/Students/view.ctp, line 6]
Trace:
include - APP/View/Students/view.ctp, line 6
View::_evaluate() - CORE/Cake/View/View.php, line 920
View::_render() - CORE/Cake/View/View.php, line 883
View::render() - CORE/Cake/View/View.php, line 475
Controller::render() - CORE/Cake/Controller/Controller.php, line 957
Dispatcher::_invoke() - CORE/Cake/Routing/Dispatcher.php, line 193
Dispatcher::dispatch() - CORE/Cake/Routing/Dispatcher.php, line 161
[main] - APP/webroot/index.php, line 92

2012-09-19 15:54:18 Notice: Notice (8): Undefined variable: teacher in [/var/www/university/app/View/Students/view.ctp, line 7]
Trace:
include - APP/View/Students/view.ctp, line 7
View::_evaluate() - CORE/Cake/View/View.php, line 920
View::_render() - CORE/Cake/View/View.php, line 883
View::render() - CORE/Cake/View/View.php, line 475
Controller::render() - CORE/Cake/Controller/Controller.php, line 957
Dispatcher::_invoke() - CORE/Cake/Routing/Dispatcher.php, line 193
Dispatcher::dispatch() - CORE/Cake/Routing/Dispatcher.php, line 161
[main] - APP/webroot/index.php, line 92

2012-09-19 15:54:18 Notice: Notice (8): Undefined variable: teacher in [/var/www/university/app/View/Students/view.ctp, line 7]
Trace:
include - APP/View/Students/view.ctp, line 7
View::_evaluate() - CORE/Cake/View/View.php, line 920
View::_render() - CORE/Cake/View/View.php, line 883
View::render() - CORE/Cake/View/View.php, line 475
Controller::render() - CORE/Cake/Controller/Controller.php, line 957
Dispatcher::_invoke() - CORE/Cake/Routing/Dispatcher.php, line 193
Dispatcher::dispatch() - CORE/Cake/Routing/Dispatcher.php, line 161
[main] - APP/webroot/index.php, line 92

2012-09-19 15:54:18 Notice: Notice (8): Undefined variable: teacher in [/var/www/university/app/View/Students/view.ctp, line 7]
Trace:
include - APP/View/Students/view.ctp, line 7
View::_evaluate() - CORE/Cake/View/View.php, line 920
View::_render() - CORE/Cake/View/View.php, line 883
View::render() - CORE/Cake/View/View.php, line 475
Controller::render() - CORE/Cake/Controller/Controller.php, line 957
Dispatcher::_invoke() - CORE/Cake/Routing/Dispatcher.php, line 193
Dispatcher::dispatch() - CORE/Cake/Routing/Dispatcher.php, line 161
[main] - APP/webroot/index.php, line 92

2012-09-19 15:55:54 Notice: Notice (8): Undefined variable: result in [/var/www/university/app/View/Courses/view.ctp, line 4]
Trace:
include - APP/View/Courses/view.ctp, line 4
View::_evaluate() - CORE/Cake/View/View.php, line 920
View::_render() - CORE/Cake/View/View.php, line 883
View::render() - CORE/Cake/View/View.php, line 475
Controller::render() - CORE/Cake/Controller/Controller.php, line 957
Dispatcher::_invoke() - CORE/Cake/Routing/Dispatcher.php, line 193
Dispatcher::dispatch() - CORE/Cake/Routing/Dispatcher.php, line 161
[main] - APP/webroot/index.php, line 92

2012-09-19 15:55:54 Notice: Notice (8): Undefined index: last_name in [/var/www/university/app/View/Courses/view.ctp, line 14]
Trace:
include - APP/View/Courses/view.ctp, line 14
View::_evaluate() - CORE/Cake/View/View.php, line 920
View::_render() - CORE/Cake/View/View.php, line 883
View::render() - CORE/Cake/View/View.php, line 475
Controller::render() - CORE/Cake/Controller/Controller.php, line 957
Dispatcher::_invoke() - CORE/Cake/Routing/Dispatcher.php, line 193
Dispatcher::dispatch() - CORE/Cake/Routing/Dispatcher.php, line 161
[main] - APP/webroot/index.php, line 92

2012-09-19 15:56:04 Notice: Notice (8): Undefined variable: result in [/var/www/university/app/View/Courses/view.ctp, line 4]
Trace:
include - APP/View/Courses/view.ctp, line 4
View::_evaluate() - CORE/Cake/View/View.php, line 920
View::_render() - CORE/Cake/View/View.php, line 883
View::render() - CORE/Cake/View/View.php, line 475
Controller::render() - CORE/Cake/Controller/Controller.php, line 957
Dispatcher::_invoke() - CORE/Cake/Routing/Dispatcher.php, line 193
Dispatcher::dispatch() - CORE/Cake/Routing/Dispatcher.php, line 161
[main] - APP/webroot/index.php, line 92

2012-09-19 15:56:04 Notice: Notice (8): Undefined index: last_name in [/var/www/university/app/View/Courses/view.ctp, line 14]
Trace:
include - APP/View/Courses/view.ctp, line 14
View::_evaluate() - CORE/Cake/View/View.php, line 920
View::_render() - CORE/Cake/View/View.php, line 883
View::render() - CORE/Cake/View/View.php, line 475
Controller::render() - CORE/Cake/Controller/Controller.php, line 957
Dispatcher::_invoke() - CORE/Cake/Routing/Dispatcher.php, line 193
Dispatcher::dispatch() - CORE/Cake/Routing/Dispatcher.php, line 161
[main] - APP/webroot/index.php, line 92

2012-09-19 15:56:15 Notice: Notice (8): Undefined variable: result in [/var/www/university/app/View/Courses/view.ctp, line 4]
Trace:
include - APP/View/Courses/view.ctp, line 4
View::_evaluate() - CORE/Cake/View/View.php, line 920
View::_render() - CORE/Cake/View/View.php, line 883
View::render() - CORE/Cake/View/View.php, line 475
Controller::render() - CORE/Cake/Controller/Controller.php, line 957
Dispatcher::_invoke() - CORE/Cake/Routing/Dispatcher.php, line 193
Dispatcher::dispatch() - CORE/Cake/Routing/Dispatcher.php, line 161
[main] - APP/webroot/index.php, line 92

2012-09-19 15:56:15 Notice: Notice (8): Undefined index: last_name in [/var/www/university/app/View/Courses/view.ctp, line 14]
Trace:
include - APP/View/Courses/view.ctp, line 14
View::_evaluate() - CORE/Cake/View/View.php, line 920
View::_render() - CORE/Cake/View/View.php, line 883
View::render() - CORE/Cake/View/View.php, line 475
Controller::render() - CORE/Cake/Controller/Controller.php, line 957
Dispatcher::_invoke() - CORE/Cake/Routing/Dispatcher.php, line 193
Dispatcher::dispatch() - CORE/Cake/Routing/Dispatcher.php, line 161
[main] - APP/webroot/index.php, line 92

2012-09-19 15:56:27 Notice: Notice (8): Undefined variable: result in [/var/www/university/app/View/Courses/view.ctp, line 4]
Trace:
include - APP/View/Courses/view.ctp, line 4
View::_evaluate() - CORE/Cake/View/View.php, line 920
View::_render() - CORE/Cake/View/View.php, line 883
View::render() - CORE/Cake/View/View.php, line 475
Controller::render() - CORE/Cake/Controller/Controller.php, line 957
Dispatcher::_invoke() - CORE/Cake/Routing/Dispatcher.php, line 193
Dispatcher::dispatch() - CORE/Cake/Routing/Dispatcher.php, line 161
[main] - APP/webroot/index.php, line 92

2012-09-19 15:57:04 Notice: Notice (8): Undefined index: Student in [/var/www/university/app/View/Teachers/view_pdf.ctp, line 49]
Trace:
include - APP/View/Teachers/view_pdf.ctp, line 49
View::_evaluate() - CORE/Cake/View/View.php, line 920
View::_render() - CORE/Cake/View/View.php, line 883
View::render() - CORE/Cake/View/View.php, line 475
Controller::render() - CORE/Cake/Controller/Controller.php, line 957
TeachersController::viewPdf() - APP/Controller/TeachersController.php, line 38
ReflectionMethod::invokeArgs() - [internal], line ??
Controller::invokeAction() - CORE/Cake/Controller/Controller.php, line 485
Dispatcher::_invoke() - CORE/Cake/Routing/Dispatcher.php, line 186
Dispatcher::dispatch() - CORE/Cake/Routing/Dispatcher.php, line 161
[main] - APP/webroot/index.php, line 92

2012-09-19 15:57:04 Notice: Notice (8): Undefined index: name in [/var/www/university/app/View/Teachers/view_pdf.ctp, line 64]
Trace:
include - APP/View/Teachers/view_pdf.ctp, line 64
View::_evaluate() - CORE/Cake/View/View.php, line 920
View::_render() - CORE/Cake/View/View.php, line 883
View::render() - CORE/Cake/View/View.php, line 475
Controller::render() - CORE/Cake/Controller/Controller.php, line 957
TeachersController::viewPdf() - APP/Controller/TeachersController.php, line 38
ReflectionMethod::invokeArgs() - [internal], line ??
Controller::invokeAction() - CORE/Cake/Controller/Controller.php, line 485
Dispatcher::_invoke() - CORE/Cake/Routing/Dispatcher.php, line 186
Dispatcher::dispatch() - CORE/Cake/Routing/Dispatcher.php, line 161
[main] - APP/webroot/index.php, line 92

2012-09-19 15:57:11 Notice: Notice (8): Undefined index: name in [/var/www/university/app/View/Students/view_pdf.ctp, line 65]
Trace:
include - APP/View/Students/view_pdf.ctp, line 65
View::_evaluate() - CORE/Cake/View/View.php, line 920
View::_render() - CORE/Cake/View/View.php, line 883
View::render() - CORE/Cake/View/View.php, line 475
Controller::render() - CORE/Cake/Controller/Controller.php, line 957
StudentsController::viewPdf() - APP/Controller/StudentsController.php, line 39
ReflectionMethod::invokeArgs() - [internal], line ??
Controller::invokeAction() - CORE/Cake/Controller/Controller.php, line 485
Dispatcher::_invoke() - CORE/Cake/Routing/Dispatcher.php, line 186
Dispatcher::dispatch() - CORE/Cake/Routing/Dispatcher.php, line 161
[main] - APP/webroot/index.php, line 92

2012-09-19 16:00:51 Notice: Notice (8): Undefined index: name in [/var/www/university/app/View/Students/view_pdf.ctp, line 65]
Trace:
include - APP/View/Students/view_pdf.ctp, line 65
View::_evaluate() - CORE/Cake/View/View.php, line 920
View::_render() - CORE/Cake/View/View.php, line 883
View::render() - CORE/Cake/View/View.php, line 475
Controller::render() - CORE/Cake/Controller/Controller.php, line 957
StudentsController::viewPdf() - APP/Controller/StudentsController.php, line 39
ReflectionMethod::invokeArgs() - [internal], line ??
Controller::invokeAction() - CORE/Cake/Controller/Controller.php, line 485
Dispatcher::_invoke() - CORE/Cake/Routing/Dispatcher.php, line 186
Dispatcher::dispatch() - CORE/Cake/Routing/Dispatcher.php, line 161
[main] - APP/webroot/index.php, line 92

2012-09-19 16:01:01 Notice: Notice (8): Undefined index: name in [/var/www/university/app/View/Students/view_pdf.ctp, line 65]
Trace:
include - APP/View/Students/view_pdf.ctp, line 65
View::_evaluate() - CORE/Cake/View/View.php, line 920
View::_render() - CORE/Cake/View/View.php, line 883
View::render() - CORE/Cake/View/View.php, line 475
Controller::render() - CORE/Cake/Controller/Controller.php, line 957
StudentsController::viewPdf() - APP/Controller/StudentsController.php, line 39
ReflectionMethod::invokeArgs() - [internal], line ??
Controller::invokeAction() - CORE/Cake/Controller/Controller.php, line 485
Dispatcher::_invoke() - CORE/Cake/Routing/Dispatcher.php, line 186
Dispatcher::dispatch() - CORE/Cake/Routing/Dispatcher.php, line 161
[main] - APP/webroot/index.php, line 92

2012-09-19 16:54:14 Notice: Notice (8): Undefined index: Student in [/var/www/university/app/View/Teachers/view_pdf.ctp, line 49]
Trace:
include - APP/View/Teachers/view_pdf.ctp, line 49
View::_evaluate() - CORE/Cake/View/View.php, line 920
View::_render() - CORE/Cake/View/View.php, line 883
View::render() - CORE/Cake/View/View.php, line 475
Controller::render() - CORE/Cake/Controller/Controller.php, line 957
TeachersController::viewPdf() - APP/Controller/TeachersController.php, line 38
ReflectionMethod::invokeArgs() - [internal], line ??
Controller::invokeAction() - CORE/Cake/Controller/Controller.php, line 485
Dispatcher::_invoke() - CORE/Cake/Routing/Dispatcher.php, line 186
Dispatcher::dispatch() - CORE/Cake/Routing/Dispatcher.php, line 161
[main] - APP/webroot/index.php, line 92

2012-09-19 16:55:37 Notice: Notice (8): Undefined index: Student in [/var/www/university/app/View/Teachers/view_pdf.ctp, line 49]
Trace:
include - APP/View/Teachers/view_pdf.ctp, line 49
View::_evaluate() - CORE/Cake/View/View.php, line 920
View::_render() - CORE/Cake/View/View.php, line 883
View::render() - CORE/Cake/View/View.php, line 475
Controller::render() - CORE/Cake/Controller/Controller.php, line 957
TeachersController::viewPdf() - APP/Controller/TeachersController.php, line 38
ReflectionMethod::invokeArgs() - [internal], line ??
Controller::invokeAction() - CORE/Cake/Controller/Controller.php, line 485
Dispatcher::_invoke() - CORE/Cake/Routing/Dispatcher.php, line 186
Dispatcher::dispatch() - CORE/Cake/Routing/Dispatcher.php, line 161
[main] - APP/webroot/index.php, line 92

2012-09-24 16:09:37 Notice: Notice (8): Undefined variable: result in [/var/www/university/app/View/Courses/view.ctp, line 4]
Trace:
include - APP/View/Courses/view.ctp, line 4
View::_evaluate() - CORE/Cake/View/View.php, line 920
View::_render() - CORE/Cake/View/View.php, line 883
View::render() - CORE/Cake/View/View.php, line 475
Controller::render() - CORE/Cake/Controller/Controller.php, line 957
Dispatcher::_invoke() - CORE/Cake/Routing/Dispatcher.php, line 193
Dispatcher::dispatch() - CORE/Cake/Routing/Dispatcher.php, line 161
[main] - APP/webroot/index.php, line 92

2012-09-24 16:11:13 Notice: Notice (8): Undefined variable: result in [/var/www/university/app/View/Courses/view.ctp, line 4]
Trace:
include - APP/View/Courses/view.ctp, line 4
View::_evaluate() - CORE/Cake/View/View.php, line 920
View::_render() - CORE/Cake/View/View.php, line 883
View::render() - CORE/Cake/View/View.php, line 475
Controller::render() - CORE/Cake/Controller/Controller.php, line 957
Dispatcher::_invoke() - CORE/Cake/Routing/Dispatcher.php, line 193
Dispatcher::dispatch() - CORE/Cake/Routing/Dispatcher.php, line 161
[main] - APP/webroot/index.php, line 92

2018-04-11 18:22:14 Notice: Notice (8): Undefined index: Student in [/Applications/XAMPP/xamppfiles/htdocs/system/Universidad/View/Teachers/view_pdf.ctp, line 49]
Trace:
include - APP/View/Teachers/view_pdf.ctp, line 49
View::_evaluate() - CORE/Cake/View/View.php, line 961
View::_render() - CORE/Cake/View/View.php, line 923
View::render() - CORE/Cake/View/View.php, line 473
Controller::render() - CORE/Cake/Controller/Controller.php, line 960
TeachersController::viewPdf() - APP/Controller/TeachersController.php, line 38
ReflectionMethod::invokeArgs() - [internal], line ??
Controller::invokeAction() - CORE/Cake/Controller/Controller.php, line 490
Dispatcher::_invoke() - CORE/Cake/Routing/Dispatcher.php, line 193
Dispatcher::dispatch() - CORE/Cake/Routing/Dispatcher.php, line 167
[main] - APP/webroot/index.php, line 92

